<?xml version="1.0" encoding="UTF-8"?>
<!-- Generated by org.testng.reporters.JUnitXMLReporter -->
<testsuite ignored="0" hostname="LAPTOP-L31P1TRG" failures="0" tests="3" name="Default test" time="105.07" errors="0" timestamp="2023-01-11T12:53:24 IST">
  <testcase classname="testNG.Data_Provider" name="login" time="27.118"/>
  <testcase classname="testNG.Data_Provider" name="login" time="35.422"/>
  <testcase classname="testNG.Data_Provider" name="login" time="42.412"/>
</testsuite> <!-- Default test -->
