<?xml version="1.0" encoding="UTF-8"?>
<!-- Generated by org.testng.reporters.JUnitXMLReporter -->
<testsuite ignored="0" hostname="LAPTOP-L31P1TRG" failures="1" tests="2" name="Test" time="19.49" errors="0" timestamp="2022-10-20T15:28:21 IST">
  <testcase classname="testNG.Assertions_HardAssert" name="login" time="0.368">
    <failure type="java.lang.AssertionError" message="expected [satish] but found [actiTIME - Login]">
      <![CDATA[java.lang.AssertionError: expected [satish] but found [actiTIME - Login]
at testNG.Assertions_HardAssert.login(Assertions_HardAssert.java:35)
at java.base/java.util.ArrayList.forEach(ArrayList.java:1511)
... Removed 31 stack frames]]>
    </failure>
  </testcase> <!-- login -->
  <testcase classname="testNG.Assertions_SoftAssert" name="login" time="0.426"/>
</testsuite> <!-- Test -->
