<?xml version="1.0" encoding="UTF-8"?>
<testng-results ignored="0" total="3" passed="3" failed="0" skipped="0">
  <reporter-output>
  </reporter-output>
  <suite started-at="2023-01-11T12:51:39 IST" name="Default suite" finished-at="2023-01-11T12:53:24 IST" duration-ms="105070">
    <groups>
    </groups>
    <test started-at="2023-01-11T12:51:39 IST" name="Default test" finished-at="2023-01-11T12:53:24 IST" duration-ms="105070">
      <class name="testNG.Data_Provider">
        <test-method signature="login(java.lang.String,java.lang.String,java.lang.String)[pri:0, instance:testNG.Data_Provider@5be6e01c]" started-at="2023-01-11T12:51:39 IST" name="login" data-provider="getData" finished-at="2023-01-11T12:52:06 IST" duration-ms="27118" status="PASS">
          <params>
            <param index="0">
              <value>
                <![CDATA[invalid username]]>
              </value>
            </param>
            <param index="1">
              <value>
                <![CDATA[1234567]]>
              </value>
            </param>
            <param index="2">
              <value>
                <![CDATA[manager]]>
              </value>
            </param>
          </params>
          <reporter-output>
          </reporter-output>
        </test-method> <!-- login -->
        <test-method signature="login(java.lang.String,java.lang.String,java.lang.String)[pri:0, instance:testNG.Data_Provider@5be6e01c]" started-at="2023-01-11T12:52:06 IST" name="login" data-provider="getData" finished-at="2023-01-11T12:52:41 IST" duration-ms="35422" status="PASS">
          <params>
            <param index="0">
              <value>
                <![CDATA[valid data]]>
              </value>
            </param>
            <param index="1">
              <value>
                <![CDATA[admin]]>
              </value>
            </param>
            <param index="2">
              <value>
                <![CDATA[manager]]>
              </value>
            </param>
          </params>
          <reporter-output>
          </reporter-output>
        </test-method> <!-- login -->
        <test-method signature="login(java.lang.String,java.lang.String,java.lang.String)[pri:0, instance:testNG.Data_Provider@5be6e01c]" started-at="2023-01-11T12:52:41 IST" name="login" data-provider="getData" finished-at="2023-01-11T12:53:24 IST" duration-ms="42412" status="PASS">
          <params>
            <param index="0">
              <value>
                <![CDATA[invalid password]]>
              </value>
            </param>
            <param index="1">
              <value>
                <![CDATA[admin]]>
              </value>
            </param>
            <param index="2">
              <value>
                <![CDATA[@manager123]]>
              </value>
            </param>
          </params>
          <reporter-output>
          </reporter-output>
        </test-method> <!-- login -->
      </class> <!-- testNG.Data_Provider -->
    </test> <!-- Default test -->
  </suite> <!-- Default suite -->
</testng-results>
